GPU ANGLE (NVIDIA GeForce RTX 2050 Direct3D11 vs_5_0 ps_5_0) (Google Inc.)
OpenGL OpenGL ES 3.0.0 (ANGLE 2.1.0.54a3d7cbcadb)
[Atlas] Texture size is: 4096x4096 (max: 16384x16384)
Found work dir at 'C:/Projects/solo-leveling/otclientv8/'
== application started at Apr 01 2025 18:54:18
Solo 3.2 rev 4 (dev) made by otclient.net built on Feb 26 2023 for arch x86
WARNING: HTTP error for http://otclient.ovh/api/status.php: Invalid http status code (410)
Exiting application..
ERROR: unable to open file for writing '/settings/questlog.json': not found
WARNING: widget 'widget1314' was not explicitly destroyed
GPU ANGLE (NVIDIA GeForce RTX 2050 Direct3D11 vs_5_0 ps_5_0) (Google Inc.)
OpenGL OpenGL ES 3.0.0 (ANGLE 2.1.0.54a3d7cbcadb)
[Atlas] Texture size is: 4096x4096 (max: 16384x16384)
Found work dir at 'C:/Projects/solo-leveling/otclientv8/'
== application started at Apr 01 2025 18:54:27
Solo 3.2 rev 4 (dev) made by otclient.net built on Feb 26 2023 for arch x86
WARNING: HTTP error for http://otclient.ovh/api/status.php: Invalid http status code (410)
Exiting application..
ERROR: unable to open file for writing '/settings/questlog.json': not found
WARNING: widget 'widget1314' was not explicitly destroyed
GPU ANGLE (NVIDIA GeForce RTX 2050 Direct3D11 vs_5_0 ps_5_0) (Google Inc.)
OpenGL OpenGL ES 3.0.0 (ANGLE 2.1.0.54a3d7cbcadb)
[Atlas] Texture size is: 4096x4096 (max: 16384x16384)
Found work dir at 'C:/Projects/solo-leveling/otclientv8/'
== application started at Apr 01 2025 18:55:05
Solo 3.2 rev 4 (dev) made by otclient.net built on Feb 26 2023 for arch x86
WARNING: HTTP error for http://otclient.ovh/api/status.php: Invalid http status code (410)
WARNING: HTTP error for http://otclient.ovh/api/status.php: Invalid http status code (410)
Exiting application..
ERROR: unable to open file for writing '/settings/questlog.json': not found
WARNING: widget 'widget1314' was not explicitly destroyed
GPU ANGLE (NVIDIA GeForce RTX 2050 Direct3D11 vs_5_0 ps_5_0) (Google Inc.)
OpenGL OpenGL ES 3.0.0 (ANGLE 2.1.0.54a3d7cbcadb)
[Atlas] Texture size is: 4096x4096 (max: 16384x16384)
Found work dir at 'C:/Projects/solo-leveling/otclientv8/'
== application started at Apr 01 2025 18:55:17
Solo 3.2 rev 4 (dev) made by otclient.net built on Feb 26 2023 for arch x86
WARNING: HTTP error for http://otclient.ovh/api/status.php: Invalid http status code (410)
WARNING: HTTP error for http://otclient.ovh/api/status.php: Invalid http status code (410)
Exiting application..
ERROR: unable to open file for writing '/settings/questlog.json': not found
WARNING: widget 'widget1314' was not explicitly destroyed
GPU ANGLE (NVIDIA GeForce RTX 2050 Direct3D11 vs_5_0 ps_5_0) (Google Inc.)
OpenGL OpenGL ES 3.0.0 (ANGLE 2.1.0.54a3d7cbcadb)
[Atlas] Texture size is: 4096x4096 (max: 16384x16384)
Found work dir at 'C:/Projects/solo-leveling/otclientv8/'
== application started at Apr 01 2025 18:55:46
Solo 3.2 rev 4 (dev) made by otclient.net built on Feb 26 2023 for arch x86
WARNING: HTTP error for http://otclient.ovh/api/status.php: Invalid http status code (410)
WARNING: HTTP error for http://otclient.ovh/api/status.php: Invalid http status code (410)
ERROR: unable to open file for writing '/settings/questlog.json': not found
WARNING: HTTP error for http://otclient.ovh/api/status.php: Invalid http status code (410)
Exiting application..
ERROR: unable to open file for writing '/settings/questlog.json': not found
WARNING: attempt to destroy widget 'terminalButton' two times
WARNING: widget 'widget1314' was not explicitly destroyed
WARNING: widget 'widget3012' was not explicitly destroyed
GPU ANGLE (NVIDIA GeForce RTX 2050 Direct3D11 vs_5_0 ps_5_0) (Google Inc.)
OpenGL OpenGL ES 3.0.0 (ANGLE 2.1.0.54a3d7cbcadb)
[Atlas] Texture size is: 4096x4096 (max: 16384x16384)
Found work dir at 'C:/Projects/solo-leveling/otclientv8/'
== application started at Apr 01 2025 18:55:56
Solo 3.2 rev 4 (dev) made by otclient.net built on Feb 26 2023 for arch x86
WARNING: HTTP error for http://otclient.ovh/api/status.php: Invalid http status code (410)
Exiting application..
ERROR: unable to open file for writing '/settings/questlog.json': not found
WARNING: widget 'widget1314' was not explicitly destroyed
GPU ANGLE (NVIDIA GeForce RTX 2050 Direct3D11 vs_5_0 ps_5_0) (Google Inc.)
OpenGL OpenGL ES 3.0.0 (ANGLE 2.1.0.54a3d7cbcadb)
[Atlas] Texture size is: 4096x4096 (max: 16384x16384)
Found work dir at 'C:/Projects/solo-leveling/otclientv8/'
== application started at Apr 01 2025 18:56:01
Solo 3.2 rev 4 (dev) made by otclient.net built on Feb 26 2023 for arch x86
WARNING: HTTP error for http://otclient.ovh/api/status.php: Invalid http status code (410)
Exiting application..
ERROR: unable to open file for writing '/settings/questlog.json': not found
WARNING: widget 'widget1314' was not explicitly destroyed
GPU NVIDIA GeForce RTX 2050/PCIe/SSE2 (NVIDIA Corporation)
OpenGL 4.6.0 NVIDIA 572.70
[Atlas] Texture size is: 4096x4096 (max: 32768x32768)
Found work dir at 'C:/Projects/solo-leveling/otclientv8/'
== application started at Apr 01 2025 18:57:03
Solo 3.2 rev 4 (dev) made by otclient.net built on Feb 26 2023 for arch x86
WARNING: HTTP error for http://otclient.ovh/api/status.php: Invalid http status code (410)
WARNING: HTTP error for http://otclient.ovh/api/status.php: Invalid http status code (410)
Exiting application..
ERROR: unable to open file for writing '/settings/questlog.json': not found
WARNING: widget 'widget1314' was not explicitly destroyed
GPU NVIDIA GeForce RTX 2050/PCIe/SSE2 (NVIDIA Corporation)
OpenGL 4.6.0 NVIDIA 572.70
[Atlas] Texture size is: 4096x4096 (max: 32768x32768)
Found work dir at 'C:/Projects/solo-leveling/otclientv8/'
== application started at Apr 01 2025 18:59:07
Solo 3.2 rev 4 (dev) made by otclient.net built on Feb 26 2023 for arch x86
WARNING: HTTP error for http://otclient.ovh/api/status.php: Invalid http status code (410)
Exiting application..
ERROR: unable to open file for writing '/settings/questlog.json': not found
WARNING: widget 'widget1314' was not explicitly destroyed
